<?xml version="1.0" encoding="UTF-8"?>
<!-- Generated by org.testng.reporters.JUnitReportReporter -->
<testsuite name="com.google.pages.GoogleSearchTC3" tests="1" time="13.770" ignored="0" failures="0" timestamp="31 Mar 2020 15:10:59 GMT" skipped="0" hostname="IN5CG840558Z" errors="0">
  <testcase name="TC01" time="13.770" classname="com.google.pages.GoogleSearchTC3"/>
</testsuite> <!-- com.google.pages.GoogleSearchTC3 -->
