<?xml version="1.0" encoding="UTF-8"?>
<!-- Generated by org.testng.reporters.JUnitReportReporter -->
<testsuite name="com.google.pages.GoogleSearchTC4" tests="1" time="16.497" ignored="0" failures="0" timestamp="06 Apr 2020 05:29:01 GMT" skipped="0" hostname="IN5CG840558Z" errors="0">
  <testcase name="TC01" time="16.497" classname="com.google.pages.GoogleSearchTC4"/>
</testsuite> <!-- com.google.pages.GoogleSearchTC4 -->
